<?xml version="1.0" encoding="UTF-8"?>
<!-- Generated by org.testng.reporters.JUnitReportReporter -->
<testsuite skipped="0" hostname="MTP01090L" name="seleniumPages.Page_Loginpage" tests="4" failures="0" timestamp="19 Aug 2019 14:47:44 GMT" time="3.641" errors="0">
  <testcase name="OpenPHPURL" time="0.337" classname="seleniumPages.Page_Loginpage"/>
  <testcase name="goToLoginPage" time="2.993" classname="seleniumPages.Page_Loginpage"/>
  <testcase name="Login" time="0.308" classname="seleniumPages.Page_Loginpage"/>
  <testcase name="AccountPageOpens" time="0.003" classname="seleniumPages.Page_Loginpage"/>
</testsuite> <!-- seleniumPages.Page_Loginpage -->
