<?xml version="1.0" encoding="UTF-8"?>
<!-- Generated by org.testng.reporters.JUnitReportReporter -->
<testsuite skipped="0" hostname="MTP01090L" name="seleniumPages.Page_Homepage" tests="2" failures="0" timestamp="19 Aug 2019 14:47:44 GMT" time="0.470" errors="0">
  <testcase name="openPHPURL" time="0.447" classname="seleniumPages.Page_Homepage"/>
  <testcase name="checkHotelLink" time="0.023" classname="seleniumPages.Page_Homepage"/>
</testsuite> <!-- seleniumPages.Page_Homepage -->
