<?xml version="1.0" encoding="UTF-8"?>
<!-- Generated by org.testng.reporters.JUnitReportReporter -->
<testsuite skipped="0" hostname="MTP01090L" name="seleniumPages.Page_Loginpage" tests="3" failures="0" timestamp="20 Aug 2019 18:02:47 GMT" time="4.265" errors="0">
  <testcase name="goToLoginPage" time="3.543" classname="seleniumPages.Page_Loginpage"/>
  <testcase name="Login" time="0.718" classname="seleniumPages.Page_Loginpage"/>
  <testcase name="AccountPageOpens" time="0.004" classname="seleniumPages.Page_Loginpage"/>
</testsuite> <!-- seleniumPages.Page_Loginpage -->
