<?xml version="1.0" encoding="UTF-8"?>
<!-- Generated by org.testng.reporters.JUnitReportReporter -->
<testsuite skipped="0" hostname="MTP01090L" name="seleniumPages.Page_Homepage" tests="1" failures="0" timestamp="20 Aug 2019 18:02:47 GMT" time="0.002" errors="0">
  <testcase name="checkHotelLink" time="0.002" classname="seleniumPages.Page_Homepage"/>
</testsuite> <!-- seleniumPages.Page_Homepage -->
