<?xml version="1.0" encoding="UTF-8"?>
<!-- Generated by org.testng.reporters.JUnitReportReporter -->
<testsuite skipped="0" hostname="MTP01090L" name="seleniumPages.Page_GuestSearch" tests="4" failures="0" timestamp="20 Aug 2019 18:02:47 GMT" time="15.777" errors="0">
  <testcase name="gotoHotelSearch" time="0.866" classname="seleniumPages.Page_GuestSearch"/>
  <testcase name="enterHotelInformation" time="9.890" classname="seleniumPages.Page_GuestSearch"/>
  <testcase name="hotelSearch" time="5.019" classname="seleniumPages.Page_GuestSearch"/>
  <testcase name="hotelResults" time="0.002" classname="seleniumPages.Page_GuestSearch"/>
</testsuite> <!-- seleniumPages.Page_GuestSearch -->
