<?xml version="1.0" encoding="UTF-8"?>
<!-- Generated by org.testng.reporters.JUnitReportReporter -->
<testsuite skipped="0" hostname="MTP01090L" name="seleniumPages.Page_Registerpage" tests="4" failures="0" timestamp="20 Aug 2019 18:02:47 GMT" time="6.726" errors="0">
  <testcase name="goToSignUpPage" time="3.508" classname="seleniumPages.Page_Registerpage"/>
  <testcase name="enterInformation" time="3.163" classname="seleniumPages.Page_Registerpage"/>
  <testcase name="SignUp" time="0.051" classname="seleniumPages.Page_Registerpage"/>
  <testcase name="AccountPageOpens" time="0.004" classname="seleniumPages.Page_Registerpage"/>
</testsuite> <!-- seleniumPages.Page_Registerpage -->
