<?xml version="1.0" encoding="UTF-8"?>
<!-- Generated by org.testng.reporters.JUnitReportReporter -->
<testsuite skipped="0" hostname="MTP01090L" name="seleniumPages.Page_Homepage" tests="2" failures="0" timestamp="14 Aug 2019 12:56:43 GMT" time="22.481" errors="0">
  <testcase name="openPHPURL" time="0.250" classname="seleniumPages.Page_Homepage"/>
  <testcase name="launchBrowser" time="22.231" classname="seleniumPages.Page_Homepage"/>
</testsuite> <!-- seleniumPages.Page_Homepage -->
